2
sider
0.3
usage: main_fedavg.py [-h] [--model N] [--dataset N] [--data_dir DATA_DIR]
                      [--normalize_features NORMALIZE_FEATURES]
                      [--normalize_adjacency NORMALIZE_ADJACENCY]
                      [--sparse_adjacency SPARSE_ADJACENCY] [--batch_size N]
                      [--hidden_size HIDDEN_SIZE]
                      [--node_embedding_dim NODE_EMBEDDING_DIM]
                      [--alpha ALPHA] [--num_heads NUM_HEADS]
                      [--dropout DROPOUT]
                      [--readout_hidden_dim READOUT_HIDDEN_DIM]
                      [--graph_embedding_dim GRAPH_EMBEDDING_DIM] [--wd WD]
                      [--gpu_server_num GPU_SERVER_NUM]
                      [--gpu_num_per_server GPU_NUM_PER_SERVER]
                      [--run_id RUN_ID] [--is_debug_mode IS_DEBUG_MODE]
                      [--partition_method PARTITION_METHOD]
                      [--partition_alpha PA] [--train_batch_size N]
                      [--eval_batch_size N] [--max_seq_length N] [--n_gpu EP]
                      [--fp16] [--manual_seed N] [--output_dir N]
                      [--fl_algorithm FL_ALGORITHM] [--backend BACKEND]
                      [--comm_round COMM_ROUND] [--is_mobile IS_MOBILE]
                      [--client_num_in_total NN] [--client_num_per_round NN]
                      [--epochs EP] [--gradient_accumulation_steps EP]
                      [--client_optimizer CLIENT_OPTIMIZER] [--lr LR]
                      [--weight_decay N] [--server_optimizer SERVER_OPTIMIZER]
                      [--server_lr SERVER_LR]
                      [--server_momentum SERVER_MOMENTUM]
                      [--fedprox_mu FEDPROX_MU]
                      [--evaluate_during_training_steps EP]
                      [--frequency_of_the_test FREQUENCY_OF_THE_TEST]
                      [--gpu_mapping_file GPU_MAPPING_FILE]
                      [--gpu_mapping_key GPU_MAPPING_KEY] [--ci CI]
main_fedavg.py: error: argument --node_embedding_dim: invalid int value: '0.3'
usage: main_fedavg.py [-h] [--model N] [--dataset N] [--data_dir DATA_DIR]
                      [--normalize_features NORMALIZE_FEATURES]
                      [--normalize_adjacency NORMALIZE_ADJACENCY]
                      [--sparse_adjacency SPARSE_ADJACENCY] [--batch_size N]
                      [--hidden_size HIDDEN_SIZE]
                      [--node_embedding_dim NODE_EMBEDDING_DIM]
                      [--alpha ALPHA] [--num_heads NUM_HEADS]
                      [--dropout DROPOUT]
                      [--readout_hidden_dim READOUT_HIDDEN_DIM]
                      [--graph_embedding_dim GRAPH_EMBEDDING_DIM] [--wd WD]
                      [--gpu_server_num GPU_SERVER_NUM]
                      [--gpu_num_per_server GPU_NUM_PER_SERVER]
                      [--run_id RUN_ID] [--is_debug_mode IS_DEBUG_MODE]
                      [--partition_method PARTITION_METHOD]
                      [--partition_alpha PA] [--train_batch_size N]
                      [--eval_batch_size N] [--max_seq_length N] [--n_gpu EP]
                      [--fp16] [--manual_seed N] [--output_dir N]
                      [--fl_algorithm FL_ALGORITHM] [--backend BACKEND]
                      [--comm_round COMM_ROUND] [--is_mobile IS_MOBILE]
                      [--client_num_in_total NN] [--client_num_per_round NN]
                      [--epochs EP] [--gradient_accumulation_steps EP]
                      [--client_optimizer CLIENT_OPTIMIZER] [--lr LR]
                      [--weight_decay N] [--server_optimizer SERVER_OPTIMIZER]
                      [--server_lr SERVER_LR]
                      [--server_momentum SERVER_MOMENTUM]
                      [--fedprox_mu FEDPROX_MU]
                      [--evaluate_during_training_steps EP]
                      [--frequency_of_the_test FREQUENCY_OF_THE_TEST]
                      [--gpu_mapping_file GPU_MAPPING_FILE]
                      [--gpu_mapping_key GPU_MAPPING_KEY] [--ci CI]
main_fedavg.py: error: argument --node_embedding_dim: invalid int value: '0.3'
